# JRE version: OpenJDK Runtime Environment (17.0.6) (build 17.0.6+0-b2043.56-10027231)
# Java VM: OpenJDK 64-Bit Server VM (17.0.6+0-b2043.56-10027231, mixed mode, tiered, compressed oops, compressed class ptrs, g1 gc, windows-amd64)
GC Precious Log:
 CPUs: 12 total, 12 available
 Memory: 7813M
 Large Page Support: Disabled
 NUMA Support: Disabled
 Compressed Oops: Enabled (32-bit)
 Heap Region Size: 1M
 Heap Min Capacity: 8M
 Heap Initial Capacity: 124M
 Heap Max Capacity: 2G
 Pre-touch: Disabled
 Parallel Workers: 10
 Concurrent Workers: 3
 Concurrent Refinement Workers: 10
 Periodic GC: Disabled
Heap:
 garbage-first heap   total 368640K, used 254354K [0x0000000080000000, 0x0000000100000000)
  region size 1024K, 96 young (98304K), 16 survivors (16384K)
 Metaspace       used 142550K, committed 143296K, reserved 1179648K
  class space    used 18484K, committed 18816K, reserved 1048576K
GC Heap History (20 events):
Event: 9.928 GC heap before
{Heap before GC invocations=39 (full 0):
 garbage-first heap   total 181248K, used 111202K [0x0000000080000000, 0x0000000100000000)
  region size 1024K, 8 young (8192K), 2 survivors (2048K)
 Metaspace       used 82552K, committed 83264K, reserved 1122304K
  class space    used 11531K, committed 11840K, reserved 1048576K
}
Event: 9.930 GC heap after
{Heap after GC invocations=40 (full 0):
 garbage-first heap   total 181248K, used 104955K [0x0000000080000000, 0x0000000100000000)
  region size 1024K, 1 young (1024K), 1 survivors (1024K)
 Metaspace       used 82552K, committed 83264K, reserved 1122304K
  class space    used 11531K, committed 11840K, reserved 1048576K
}
Event: 10.590 GC heap before
{Heap before GC invocations=40 (full 0):
 garbage-first heap   total 181248K, used 144891K [0x0000000080000000, 0x0000000100000000)
  region size 1024K, 40 young (40960K), 1 survivors (1024K)
 Metaspace       used 87093K, committed 87808K, reserved 1130496K
  class space    used 12143K, committed 12480K, reserved 1048576K
}
Event: 10.593 GC heap after
{Heap after GC invocations=41 (full 0):
 garbage-first heap   total 181248K, used 107763K [0x0000000080000000, 0x0000000100000000)
  region size 1024K, 4 young (4096K), 4 survivors (4096K)
 Metaspace       used 87093K, committed 87808K, reserved 1130496K
  class space    used 12143K, committed 12480K, reserved 1048576K
}
Event: 11.109 GC heap before
{Heap before GC invocations=42 (full 0):
 garbage-first heap   total 184320K, used 144627K [0x0000000080000000, 0x0000000100000000)
  region size 1024K, 42 young (43008K), 4 survivors (4096K)
 Metaspace       used 90491K, committed 91264K, reserved 1130496K
  class space    used 12570K, committed 12928K, reserved 1048576K
}
Event: 11.113 GC heap after
{Heap after GC invocations=43 (full 0):
 garbage-first heap   total 184320K, used 109358K [0x0000000080000000, 0x0000000100000000)
  region size 1024K, 6 young (6144K), 6 survivors (6144K)
 Metaspace       used 90491K, committed 91264K, reserved 1130496K
  class space    used 12570K, committed 12928K, reserved 1048576K
}
Event: 11.150 GC heap before
{Heap before GC invocations=43 (full 0):
 garbage-first heap   total 184320K, used 112430K [0x0000000080000000, 0x0000000100000000)
  region size 1024K, 9 young (9216K), 6 survivors (6144K)
 Metaspace       used 90966K, committed 91712K, reserved 1130496K
  class space    used 12632K, committed 12992K, reserved 1048576K
}
Event: 11.153 GC heap after
{Heap after GC invocations=44 (full 0):
 garbage-first heap   total 184320K, used 109647K [0x0000000080000000, 0x0000000100000000)
  region size 1024K, 1 young (1024K), 1 survivors (1024K)
 Metaspace       used 90966K, committed 91712K, reserved 1130496K
  class space    used 12632K, committed 12992K, reserved 1048576K
}
Event: 11.659 GC heap before
{Heap before GC invocations=44 (full 0):
 garbage-first heap   total 184320K, used 155727K [0x0000000080000000, 0x0000000100000000)
  region size 1024K, 42 young (43008K), 1 survivors (1024K)
 Metaspace       used 97814K, committed 98560K, reserved 1138688K
  class space    used 13493K, committed 13824K, reserved 1048576K
}
Event: 11.663 GC heap after
{Heap after GC invocations=45 (full 0):
 garbage-first heap   total 368640K, used 114018K [0x0000000080000000, 0x0000000100000000)
  region size 1024K, 2 young (2048K), 2 survivors (2048K)
 Metaspace       used 97814K, committed 98560K, reserved 1138688K
  class space    used 13493K, committed 13824K, reserved 1048576K
}
Event: 11.672 GC heap before
{Heap before GC invocations=45 (full 0):
 garbage-first heap   total 368640K, used 114018K [0x0000000080000000, 0x0000000100000000)
  region size 1024K, 3 young (3072K), 2 survivors (2048K)
 Metaspace       used 97922K, committed 98624K, reserved 1138688K
  class space    used 13506K, committed 13824K, reserved 1048576K
}
Event: 11.673 GC heap after
{Heap after GC invocations=46 (full 0):
 garbage-first heap   total 368640K, used 114003K [0x0000000080000000, 0x0000000100000000)
  region size 1024K, 2 young (2048K), 2 survivors (2048K)
 Metaspace       used 97922K, committed 98624K, reserved 1138688K
  class space    used 13506K, committed 13824K, reserved 1048576K
}
Event: 13.119 GC heap before
{Heap before GC invocations=47 (full 0):
 garbage-first heap   total 368640K, used 321875K [0x0000000080000000, 0x0000000100000000)
  region size 1024K, 193 young (197632K), 2 survivors (2048K)
 Metaspace       used 110607K, committed 111360K, reserved 1146880K
  class space    used 14823K, committed 15168K, reserved 1048576K
}
Event: 13.134 GC heap after
{Heap after GC invocations=48 (full 0):
 garbage-first heap   total 368640K, used 154699K [0x0000000080000000, 0x0000000100000000)
  region size 1024K, 25 young (25600K), 25 survivors (25600K)
 Metaspace       used 110607K, committed 111360K, reserved 1146880K
  class space    used 14823K, committed 15168K, reserved 1048576K
}
Event: 13.146 GC heap before
{Heap before GC invocations=48 (full 0):
 garbage-first heap   total 368640K, used 154699K [0x0000000080000000, 0x0000000100000000)
  region size 1024K, 26 young (26624K), 25 survivors (25600K)
 Metaspace       used 110741K, committed 111424K, reserved 1146880K
  class space    used 14849K, committed 15168K, reserved 1048576K
}
Event: 13.153 GC heap after
{Heap after GC invocations=49 (full 0):
 garbage-first heap   total 368640K, used 158202K [0x0000000080000000, 0x0000000100000000)
  region size 1024K, 4 young (4096K), 4 survivors (4096K)
 Metaspace       used 110741K, committed 111424K, reserved 1146880K
  class space    used 14849K, committed 15168K, reserved 1048576K
}
Event: 14.189 GC heap before
{Heap before GC invocations=49 (full 0):
 garbage-first heap   total 368640K, used 279034K [0x0000000080000000, 0x0000000100000000)
  region size 1024K, 121 young (123904K), 4 survivors (4096K)
 Metaspace       used 118873K, committed 119616K, reserved 1155072K
  class space    used 15831K, committed 16192K, reserved 1048576K
}
Event: 14.194 GC heap after
{Heap after GC invocations=50 (full 0):
 garbage-first heap   total 368640K, used 163416K [0x0000000080000000, 0x0000000100000000)
  region size 1024K, 9 young (9216K), 9 survivors (9216K)
 Metaspace       used 118873K, committed 119616K, reserved 1155072K
  class space    used 15831K, committed 16192K, reserved 1048576K
}
Event: 15.491 GC heap before
{Heap before GC invocations=50 (full 0):
 garbage-first heap   total 368640K, used 285272K [0x0000000080000000, 0x0000000100000000)
  region size 1024K, 128 young (131072K), 9 survivors (9216K)
 Metaspace       used 130273K, committed 131008K, reserved 1163264K
  class space    used 17121K, committed 17472K, reserved 1048576K
}
Event: 15.497 GC heap after
{Heap after GC invocations=51 (full 0):
 garbage-first heap   total 368640K, used 172434K [0x0000000080000000, 0x0000000100000000)
  region size 1024K, 16 young (16384K), 16 survivors (16384K)
 Metaspace       used 130273K, committed 131008K, reserved 1163264K
  class space    used 17121K, committed 17472K, reserved 1048576K
}

